<?xml version="1.0" encoding="UTF-8"?>
<!-- Generated by org.testng.reporters.JUnitXMLReporter -->
<testsuite hostname="DESKTOP-5KU8V7V" ignored="0" name="Default test" tests="2" failures="0" timestamp="2020-11-10T14:22:25 IST" time="46.854" errors="0">
  <testcase name="runScenario" time="38.342" classname="io.cucumber.testng.AbstractTestNGCucumberTests"/>
  <testcase name="runScenario" time="4.235" classname="io.cucumber.testng.AbstractTestNGCucumberTests"/>
</testsuite> <!-- Default test -->
