<?xml version="1.0" encoding="UTF-8"?>
<testng-results skipped="0" failed="0" ignored="0" total="2" passed="2">
  <reporter-output>
  </reporter-output>
  <suite name="Default suite" duration-ms="32174" started-at="2020-11-06T15:22:03 IST" finished-at="2020-11-06T15:22:35 IST">
    <groups>
      <group name="cucumber">
        <method signature="AbstractTestNGCucumberTests.runScenario(io.cucumber.testng.PickleWrapper, io.cucumber.testng.FeatureWrapper)[pri:0, instance:stepdefinition.TestRunner@51c8530f]" name="runScenario" class="io.cucumber.testng.AbstractTestNGCucumberTests"/>
      </group> <!-- cucumber -->
    </groups>
    <test name="Default test" duration-ms="32174" started-at="2020-11-06T15:22:03 IST" finished-at="2020-11-06T15:22:35 IST">
      <class name="stepdefinition.TestRunner">
        <test-method status="PASS" signature="setUpClass()[pri:0, instance:stepdefinition.TestRunner@51c8530f]" name="setUpClass" is-config="true" duration-ms="521" started-at="2020-11-06T15:22:03 IST" finished-at="2020-11-06T15:22:03 IST">
          <reporter-output>
          </reporter-output>
        </test-method> <!-- setUpClass -->
        <test-method status="PASS" signature="runScenario(io.cucumber.testng.PickleWrapper, io.cucumber.testng.FeatureWrapper)[pri:0, instance:stepdefinition.TestRunner@51c8530f]" name="runScenario" duration-ms="26043" started-at="2020-11-06T15:22:03 IST" description="Runs Cucumber Scenarios" data-provider="scenarios" finished-at="2020-11-06T15:22:29 IST">
          <params>
            <param index="0">
              <value>
                <![CDATA["User logins and entering the address for purchasing items"]]>
              </value>
            </param>
            <param index="1">
              <value>
                <![CDATA["Optional[Login and addres]"]]>
              </value>
            </param>
          </params>
          <reporter-output>
          </reporter-output>
        </test-method> <!-- runScenario -->
        <test-method status="PASS" signature="runScenario(io.cucumber.testng.PickleWrapper, io.cucumber.testng.FeatureWrapper)[pri:0, instance:stepdefinition.TestRunner@51c8530f]" name="runScenario" duration-ms="3540" started-at="2020-11-06T15:22:29 IST" description="Runs Cucumber Scenarios" data-provider="scenarios" finished-at="2020-11-06T15:22:33 IST">
          <params>
            <param index="0">
              <value>
                <![CDATA["User purchases three items"]]>
              </value>
            </param>
            <param index="1">
              <value>
                <![CDATA["Optional[Login and addres]"]]>
              </value>
            </param>
          </params>
          <reporter-output>
          </reporter-output>
        </test-method> <!-- runScenario -->
        <test-method status="PASS" signature="tearDownClass()[pri:0, instance:stepdefinition.TestRunner@51c8530f]" name="tearDownClass" is-config="true" duration-ms="2016" started-at="2020-11-06T15:22:33 IST" finished-at="2020-11-06T15:22:35 IST">
          <reporter-output>
          </reporter-output>
        </test-method> <!-- tearDownClass -->
      </class> <!-- stepdefinition.TestRunner -->
    </test> <!-- Default test -->
  </suite> <!-- Default suite -->
</testng-results>
