<?xml version="1.0" encoding="UTF-8"?>
<testng-results skipped="0" failed="1" ignored="0" total="1" passed="0">
  <reporter-output>
  </reporter-output>
  <suite name="Default suite" duration-ms="3450" started-at="2020-11-05T14:24:57 IST" finished-at="2020-11-05T14:25:01 IST">
    <groups>
      <group name="cucumber">
        <method signature="AbstractTestNGCucumberTests.runScenario(io.cucumber.testng.PickleWrapper, io.cucumber.testng.FeatureWrapper)[pri:0, instance:stepdefinition.TestRunner@51c8530f]" name="runScenario" class="io.cucumber.testng.AbstractTestNGCucumberTests"/>
      </group> <!-- cucumber -->
    </groups>
    <test name="Default test" duration-ms="3450" started-at="2020-11-05T14:24:57 IST" finished-at="2020-11-05T14:25:01 IST">
      <class name="stepdefinition.TestRunner">
        <test-method status="PASS" signature="setUpClass()[pri:0, instance:stepdefinition.TestRunner@51c8530f]" name="setUpClass" is-config="true" duration-ms="429" started-at="2020-11-05T14:24:57 IST" finished-at="2020-11-05T14:24:58 IST">
          <reporter-output>
          </reporter-output>
        </test-method> <!-- setUpClass -->
        <test-method status="FAIL" signature="runScenario(io.cucumber.testng.PickleWrapper, io.cucumber.testng.FeatureWrapper)[pri:0, instance:stepdefinition.TestRunner@51c8530f]" name="runScenario" duration-ms="138" started-at="2020-11-05T14:24:58 IST" description="Runs Cucumber Scenarios" data-provider="scenarios" finished-at="2020-11-05T14:24:58 IST">
          <params>
            <param index="0">
              <value>
                <![CDATA["User logins and entering the address for purchasing items"]]>
              </value>
            </param>
            <param index="1">
              <value>
                <![CDATA["Optional[Login and address]"]]>
              </value>
            </param>
          </params>
          <exception class="io.cucumber.testng.UndefinedStepException">
            <message>
              <![CDATA[The step "user adds a new address "<"First name">" "<"Last name">" "<"Company">" "<"Address">" "<"City">" "<"State">" "<"Zip/Postal Code">" "<"Country">" "<"Home phone">" "<"Mobile phone">" "<"Address Name">"" is undefined. You can implement it using the snippet(s) below:

@Then("user adds a new address \"<\"First name\">\" \"<\"Last name\">\" \"<\"Company\">\" \"<\"Address\">\" \"<\"City\">\" \"<\"State\">\" \"<\"Zip\\/Postal Code\">\" \"<\"Country\">\" \"<\"Home phone\">\" \"<\"Mobile phone\">\" \"<\"Address Name\">\"")
public void user_adds_a_new_address_first_name_last_name_company_address_city_state_zip_postal_code_country_home_phone_mobile_phone_address_name() {
    // Write code here that turns the phrase above into concrete actions
    throw new io.cucumber.java.PendingException();
}
]]>
            </message>
            <full-stacktrace>
              <![CDATA[io.cucumber.testng.UndefinedStepException: The step "user adds a new address "<"First name">" "<"Last name">" "<"Company">" "<"Address">" "<"City">" "<"State">" "<"Zip/Postal Code">" "<"Country">" "<"Home phone">" "<"Mobile phone">" "<"Address Name">"" is undefined. You can implement it using the snippet(s) below:

@Then("user adds a new address \"<\"First name\">\" \"<\"Last name\">\" \"<\"Company\">\" \"<\"Address\">\" \"<\"City\">\" \"<\"State\">\" \"<\"Zip\\/Postal Code\">\" \"<\"Country\">\" \"<\"Home phone\">\" \"<\"Mobile phone\">\" \"<\"Address Name\">\"")
public void user_adds_a_new_address_first_name_last_name_company_address_city_state_zip_postal_code_country_home_phone_mobile_phone_address_name() {
    // Write code here that turns the phrase above into concrete actions
    throw new io.cucumber.java.PendingException();
}

at io.cucumber.core.runtime.TestCaseResultObserver.assertTestCasePassed(TestCaseResultObserver.java:102)
at io.cucumber.testng.TestCaseResultObserver.assertTestCasePassed(TestCaseResultObserver.java:23)
at io.cucumber.testng.TestNGCucumberRunner.lambda$runScenario$0(TestNGCucumberRunner.java:117)
at io.cucumber.core.runtime.CucumberExecutionContext.runTestCase(CucumberExecutionContext.java:117)
at io.cucumber.testng.TestNGCucumberRunner.runScenario(TestNGCucumberRunner.java:113)
at io.cucumber.testng.AbstractTestNGCucumberTests.runScenario(AbstractTestNGCucumberTests.java:31)
at sun.reflect.NativeMethodAccessorImpl.invoke0(Native Method)
at sun.reflect.NativeMethodAccessorImpl.invoke(Unknown Source)
at sun.reflect.DelegatingMethodAccessorImpl.invoke(Unknown Source)
at java.lang.reflect.Method.invoke(Unknown Source)
at org.testng.internal.MethodInvocationHelper.invokeMethod(MethodInvocationHelper.java:132)
at org.testng.internal.TestInvoker.invokeMethod(TestInvoker.java:599)
at org.testng.internal.TestInvoker.invokeTestMethod(TestInvoker.java:174)
at org.testng.internal.MethodRunner.runInSequence(MethodRunner.java:46)
at org.testng.internal.TestInvoker$MethodInvocationAgent.invoke(TestInvoker.java:822)
at org.testng.internal.TestInvoker.invokeTestMethods(TestInvoker.java:147)
at org.testng.internal.TestMethodWorker.invokeTestMethods(TestMethodWorker.java:146)
at org.testng.internal.TestMethodWorker.run(TestMethodWorker.java:128)
at java.util.ArrayList.forEach(Unknown Source)
at org.testng.TestRunner.privateRun(TestRunner.java:764)
at org.testng.TestRunner.run(TestRunner.java:585)
at org.testng.SuiteRunner.runTest(SuiteRunner.java:384)
at org.testng.SuiteRunner.runSequentially(SuiteRunner.java:378)
at org.testng.SuiteRunner.privateRun(SuiteRunner.java:337)
at org.testng.SuiteRunner.run(SuiteRunner.java:286)
at org.testng.SuiteRunnerWorker.runSuite(SuiteRunnerWorker.java:53)
at org.testng.SuiteRunnerWorker.run(SuiteRunnerWorker.java:96)
at org.testng.TestNG.runSuitesSequentially(TestNG.java:1218)
at org.testng.TestNG.runSuitesLocally(TestNG.java:1140)
at org.testng.TestNG.runSuites(TestNG.java:1069)
at org.testng.TestNG.run(TestNG.java:1037)
at org.testng.remote.AbstractRemoteTestNG.run(AbstractRemoteTestNG.java:115)
at org.testng.remote.RemoteTestNG.initAndRun(RemoteTestNG.java:251)
at org.testng.remote.RemoteTestNG.main(RemoteTestNG.java:77)
]]>
            </full-stacktrace>
          </exception> <!-- io.cucumber.testng.UndefinedStepException -->
          <reporter-output>
          </reporter-output>
        </test-method> <!-- runScenario -->
        <test-method status="PASS" signature="tearDownClass()[pri:0, instance:stepdefinition.TestRunner@51c8530f]" name="tearDownClass" is-config="true" duration-ms="2842" started-at="2020-11-05T14:24:58 IST" finished-at="2020-11-05T14:25:01 IST">
          <reporter-output>
          </reporter-output>
        </test-method> <!-- tearDownClass -->
      </class> <!-- stepdefinition.TestRunner -->
    </test> <!-- Default test -->
  </suite> <!-- Default suite -->
</testng-results>
